<?xml version="1.0" encoding="UTF-8"?>
<!-- Generated by org.testng.reporters.JUnitXMLReporter -->
<testsuite ignored="0" hostname="LAPTOP-523ER982" failures="1" tests="9" name="CRMPROApplication Test" time="362.696" errors="0" timestamp="17 Nov 2019 06:59:03 GMT">
  <testcase classname="com.virtusa.testng.tests.CompanyTest" name="saveCompanyFormWithExcelData" time="12.87"/>
  <testcase classname="com.virtusa.testng.tests.CompanyTest" name="saveCompanyFormWithExcelData" time="11.374"/>
  <testcase classname="com.virtusa.testng.tests.CompanyTest" name="saveCompanyFormWithExcelData" time="10.693"/>
  <testcase classname="com.virtusa.testng.tests.ContactTest" name="feedContactForm" time="10.027"/>
  <testcase classname="com.virtusa.testng.tests.ContactTest" name="feedContactForm" time="9.889"/>
  <testcase classname="com.virtusa.testng.tests.HomeTest" name="clickCompanyTab" time="4.74"/>
  <testcase classname="com.virtusa.testng.tests.LoginTest" name="enterCredentials" time="4.765"/>
  <testcase classname="com.virtusa.testng.tests.HomeTest" name="clickContactTab" time="5.023"/>
  <testcase classname="com.virtusa.testng.tests.LoginTest" name="enterwrongCredentials" time="1.343">
    <failure type="org.openqa.selenium.ElementClickInterceptedException" message="element click intercepted: Element &amp;lt;input type=&amp;quot;submit&amp;quot; value=&amp;quot;Login&amp;quot; class=&amp;quot;btn btn-small&amp;quot;&amp;gt; is not clickable at point (1267, 116). Other element would receive the click: &amp;lt;div id=&amp;quot;preloader&amp;quot; style=&amp;quot;opacity: 0.0747111;&amp;quot;&amp;gt;...&amp;lt;/div&amp;gt;
  (Session info: chrome=78.0.3904.97)
Build info: version: &amp;apos;3.141.59&amp;apos;, revision: &amp;apos;e82be7d358&amp;apos;, time: &amp;apos;2018-11-14T08:17:03&amp;apos;
System info: host: &amp;apos;LAPTOP-523ER982&amp;apos;, ip: &amp;apos;192.168.0.4&amp;apos;, os.name: &amp;apos;Windows 10&amp;apos;, os.arch: &amp;apos;amd64&amp;apos;, os.version: &amp;apos;10.0&amp;apos;, java.version: &amp;apos;11.0.4&amp;apos;
Driver info: org.openqa.selenium.chrome.ChromeDriver
Capabilities {acceptInsecureCerts: false, browserName: chrome, browserVersion: 78.0.3904.97, chrome: {chromedriverVersion: 78.0.3904.70 (edb9c9f3de024..., userDataDir: C:\Users\skandha\AppData\Lo...}, goog:chromeOptions: {debuggerAddress: localhost:50074}, javascriptEnabled: true, networkConnectionEnabled: false, pageLoadStrategy: normal, platform: XP, platformName: XP, proxy: Proxy(), setWindowRect: true, strictFileInteractability: false, timeouts: {implicit: 0, pageLoad: 300000, script: 30000}, unhandledPromptBehavior: dismiss and notify}
Session ID: d826b564495804b507fffac0fc077124">
      <![CDATA[org.openqa.selenium.ElementClickInterceptedException: element click intercepted: Element <input type="submit" value="Login" class="btn btn-small"> is not clickable at point (1267, 116). Other element would receive the click: <div id="preloader" style="opacity: 0.0747111;">...</div>
  (Session info: chrome=78.0.3904.97)
Build info: version: '3.141.59', revision: 'e82be7d358', time: '2018-11-14T08:17:03'
System info: host: 'LAPTOP-523ER982', ip: '192.168.0.4', os.name: 'Windows 10', os.arch: 'amd64', os.version: '10.0', java.version: '11.0.4'
Driver info: org.openqa.selenium.chrome.ChromeDriver
Capabilities {acceptInsecureCerts: false, browserName: chrome, browserVersion: 78.0.3904.97, chrome: {chromedriverVersion: 78.0.3904.70 (edb9c9f3de024..., userDataDir: C:\Users\skandha\AppData\Lo...}, goog:chromeOptions: {debuggerAddress: localhost:50074}, javascriptEnabled: true, networkConnectionEnabled: false, pageLoadStrategy: normal, platform: XP, platformName: XP, proxy: Proxy(), setWindowRect: true, strictFileInteractability: false, timeouts: {implicit: 0, pageLoad: 300000, script: 30000}, unhandledPromptBehavior: dismiss and notify}
Session ID: d826b564495804b507fffac0fc077124
at org.openqa.selenium.remote.http.W3CHttpResponseCodec.createException(W3CHttpResponseCodec.java:187)
at org.openqa.selenium.remote.http.W3CHttpResponseCodec.decode(W3CHttpResponseCodec.java:122)
at org.openqa.selenium.remote.http.W3CHttpResponseCodec.decode(W3CHttpResponseCodec.java:49)
at org.openqa.selenium.remote.HttpCommandExecutor.execute(HttpCommandExecutor.java:158)
at org.openqa.selenium.remote.service.DriverCommandExecutor.execute(DriverCommandExecutor.java:83)
at org.openqa.selenium.remote.RemoteWebDriver.execute(RemoteWebDriver.java:552)
at org.openqa.selenium.remote.RemoteWebElement.execute(RemoteWebElement.java:285)
at org.openqa.selenium.remote.RemoteWebElement.click(RemoteWebElement.java:84)
at com.virtusa.testng.pages.BasePage.elementClick(BasePage.java:143)
at com.virtusa.testng.pages.LoginPage.clickSubmit(LoginPage.java:44)
at com.virtusa.testng.tests.LoginTest.enterwrongCredentials(LoginTest.java:37)
... Removed 29 stack frames]]>
    </failure>
  </testcase> <!-- enterwrongCredentials -->
</testsuite> <!-- CRMPROApplication Test -->
